2019-07-08 18:26:58 +0000  Initial pipeline context: <IDEDistributionProcessingPipelineContext: 0x7f8ddcdb2910; archive(resolved)='<IDEArchive: 0x7f8dd2598720>', distributionTask(resolved)='2', distributionDestination(resolved)='1', distributionMethod(resolved)='<IDEDistributionMethodAdHoc: 0x7f8dd5a5b990>', team(resolved)='<IDEProvisioningDisambiguatableBasicTeam: 0x7f8dd7595890; teamID='9GYMKH28NB', teamName='Huseyin Candan', teamType='Individual', username='huseyincandan@gmail.com', isFreeProvisioningTeam='0'>'>
	Chain (12, self inclusive):
	<IDEDistributionProcessingPipelineContext: 0x7f8ddcdb2910; archive = '<IDEArchive: 0x7f8dd2598720>', distributionMethod='<IDEDistributionMethodAdHoc: 0x7f8dd5a5b990>', team='<IDEProvisioningDisambiguatableBasicTeam: 0x7f8dd7595890; teamID='9GYMKH28NB', teamName='Huseyin Candan', teamType='Individual', username='huseyincandan@gmail.com', isFreeProvisioningTeam='0'>'>
	<IDEDistributionProcessingPipelineContext: 0x7f8dd7561210; archive = '<IDEArchive: 0x7f8dd2598720>', distributionMethod='<IDEDistributionMethodAdHoc: 0x7f8dd5a5b990>', team='<IDEProvisioningDisambiguatableBasicTeam: 0x7f8dd7595890; teamID='9GYMKH28NB', teamName='Huseyin Candan', teamType='Individual', username='huseyincandan@gmail.com', isFreeProvisioningTeam='0'>'>
	<IDEDistributionContext: 0x7f8ddb3766c0; archive = '<IDEArchive: 0x7f8dd2598720>', distributionMethod='<IDEDistributionMethodAdHoc: 0x7f8dd5a5b990>', team='<IDEProvisioningDisambiguatableBasicTeam: 0x7f8dd7595890; teamID='9GYMKH28NB', teamName='Huseyin Candan', teamType='Individual', username='huseyincandan@gmail.com', isFreeProvisioningTeam='0'>'>
	<IDEDistributionContext: 0x7f8ddae47ce0; archive = '<IDEArchive: 0x7f8dd2598720>', distributionMethod='<IDEDistributionMethodAdHoc: 0x7f8dd5a5b990>', team='<IDEProvisioningDisambiguatableBasicTeam: 0x7f8dd7595890; teamID='9GYMKH28NB', teamName='Huseyin Candan', teamType='Individual', username='huseyincandan@gmail.com', isFreeProvisioningTeam='0'>'>
	<IDEDistributionContext: 0x7f8ddb1b3b00; archive = '<IDEArchive: 0x7f8dd2598720>', distributionMethod='<IDEDistributionMethodAdHoc: 0x7f8dd5a5b990>', team='<IDEProvisioningDisambiguatableBasicTeam: 0x7f8dd7595890; teamID='9GYMKH28NB', teamName='Huseyin Candan', teamType='Individual', username='huseyincandan@gmail.com', isFreeProvisioningTeam='0'>'>
	<IDEDistributionContext: 0x7f8ddb7a33c0; archive = '<IDEArchive: 0x7f8dd2598720>', distributionMethod='<IDEDistributionMethodAdHoc: 0x7f8dd5a5b990>', team='<IDEProvisioningDisambiguatableBasicTeam: 0x7f8dd7595890; teamID='9GYMKH28NB', teamName='Huseyin Candan', teamType='Individual', username='huseyincandan@gmail.com', isFreeProvisioningTeam='0'>'>
	<IDEDistributionContext: 0x7f8ddae7dac0; archive = '<IDEArchive: 0x7f8dd2598720>', distributionMethod='<IDEDistributionMethodAdHoc: 0x7f8dd5a5b990>', team='<IDEProvisioningDisambiguatableBasicTeam: 0x7f8dd7595890; teamID='9GYMKH28NB', teamName='Huseyin Candan', teamType='Individual', username='huseyincandan@gmail.com', isFreeProvisioningTeam='0'>'>
	<IDEDistributionContext: 0x7f8ddc85d4d0; archive = '<IDEArchive: 0x7f8dd2598720>', distributionMethod='<IDEDistributionMethodAdHoc: 0x7f8dd5a5b990>', team='<IDEProvisioningDisambiguatableBasicTeam: 0x7f8dd7595890; teamID='9GYMKH28NB', teamName='Huseyin Candan', teamType='Individual', username='huseyincandan@gmail.com', isFreeProvisioningTeam='0'>'>
	<IDEDistributionContext: 0x7f8dd8218820; archive = '<IDEArchive: 0x7f8dd2598720>', distributionMethod='<IDEDistributionMethodAdHoc: 0x7f8dd5a5b990>', team='<IDEProvisioningDisambiguatableBasicTeam: 0x7f8dd7595890; teamID='9GYMKH28NB', teamName='Huseyin Candan', teamType='Individual', username='huseyincandan@gmail.com', isFreeProvisioningTeam='0'>'>
	<IDEDistributionContext: 0x7f8ddaea8c90; archive = '<IDEArchive: 0x7f8dd2598720>', distributionMethod='<IDEDistributionMethodAdHoc: 0x7f8dd5a5b990>', team='(null)'>
	<IDEDistributionContext: 0x7f8ddcb5a900; archive = '<IDEArchive: 0x7f8dd2598720>', distributionMethod='<IDEDistributionMethodAdHoc: 0x7f8dd5a5b990>', team='(null)'>
	<IDEDistributionContext: 0x7f8ddada7530; archive = '<IDEArchive: 0x7f8dd2598720>', distributionMethod='(null)', team='(null)'>
</IDEDistributionProcessingPipelineContext: 0x7f8ddcdb2910>
2019-07-08 18:26:58 +0000  Processing step: IDEDistributionCreateDestRootStep
2019-07-08 18:26:58 +0000  Processing step: IDEDistributionCopyItemStep
2019-07-08 18:26:58 +0000  Running /usr/bin/ditto '-V' '/Users/huseyin/Library/Developer/Xcode/Archives/2019-07-08/Cep Müşavir 8.07.2019 21.25.xcarchive/Products/Applications/Cep Müşavir.app' '/var/folders/kk/t63v7p456p189xqypt0rjk840000gn/T/XcodeDistPipeline.HGe/Root/Payload/Cep Müşavir.app'
2019-07-08 18:26:58 +0000  >>> Copying /Users/huseyin/Library/Developer/Xcode/Archives/2019-07-08/Cep Müşavir 8.07.2019 21.25.xcarchive/Products/Applications/Cep Müşavir.app 
2019-07-08 18:26:58 +0000  copying file ./_CodeSignature/CodeResources ... 
2019-07-08 18:26:58 +0000  46111 bytes for ./_CodeSignature/CodeResources
2019-07-08 18:26:58 +0000  copying file ./LaunchImage@2x.png ... 
2019-07-08 18:26:58 +0000  312621 bytes for ./LaunchImage@2x.png
2019-07-08 18:26:58 +0000  copying file ./AppIcon20x20@2x.png ... 
2019-07-08 18:26:58 +0000  2374 bytes for ./AppIcon20x20@2x.png
copying file ./MainViewController.nib ... 
2019-07-08 18:26:58 +0000  943 bytes for ./MainViewController.nib
2019-07-08 18:26:58 +0000  copying file ./AppIcon57x57.png ... 
2019-07-08 18:26:58 +0000  3180 bytes for ./AppIcon57x57.png
copying file ./AppIcon20x20@3x.png ... 
2019-07-08 18:26:58 +0000  3358 bytes for ./AppIcon20x20@3x.png
copying file ./AppIcon29x29.png ... 
2019-07-08 18:26:58 +0000  1628 bytes for ./AppIcon29x29.png
2019-07-08 18:26:58 +0000  copying file ./LaunchImage-568h@2x.png ... 
2019-07-08 18:26:58 +0000  358889 bytes for ./LaunchImage-568h@2x.png
copying file ./AppIcon60x60@2x.png ... 
2019-07-08 18:26:58 +0000  6683 bytes for ./AppIcon60x60@2x.png
copying file ./AppIcon72x72@2x~ipad.png ... 
2019-07-08 18:26:58 +0000  7980 bytes for ./AppIcon72x72@2x~ipad.png
2019-07-08 18:26:58 +0000  copying file ./Cep Müşavir ... 
2019-07-08 18:26:58 +0000  2539120 bytes for ./Cep Müşavir
2019-07-08 18:26:58 +0000  copying file ./AppIcon29x29@2x.png ... 
2019-07-08 18:26:58 +0000  3242 bytes for ./AppIcon29x29@2x.png
2019-07-08 18:26:58 +0000  copying file ./LaunchImage-800-667h@2x.png ... 
2019-07-08 18:26:58 +0000  472395 bytes for ./LaunchImage-800-667h@2x.png
2019-07-08 18:26:58 +0000  copying file ./LaunchImage-Portrait@2x~ipad.png ... 
2019-07-08 18:26:58 +0000  1274587 bytes for ./LaunchImage-Portrait@2x~ipad.png
copying file ./AppIcon40x40@3x.png ... 
2019-07-08 18:26:58 +0000  6683 bytes for ./AppIcon40x40@3x.png
2019-07-08 18:26:58 +0000  copying file ./AppIcon57x57@2x.png ... 
2019-07-08 18:26:58 +0000  6328 bytes for ./AppIcon57x57@2x.png
2019-07-08 18:26:58 +0000  copying file ./AppIcon29x29~ipad.png ... 
2019-07-08 18:26:58 +0000  1628 bytes for ./AppIcon29x29~ipad.png
copying file ./AppIcon40x40@2x.png ... 
2019-07-08 18:26:58 +0000  4653 bytes for ./AppIcon40x40@2x.png
copying file ./LaunchImage-Portrait~ipad.png ... 
2019-07-08 18:26:58 +0000  394972 bytes for ./LaunchImage-Portrait~ipad.png
2019-07-08 18:26:58 +0000  copying file ./AppIcon29x29@3x.png ... 
2019-07-08 18:26:58 +0000  4971 bytes for ./AppIcon29x29@3x.png
copying file ./AppIcon60x60@3x.png ... 
2019-07-08 18:26:58 +0000  9782 bytes for ./AppIcon60x60@3x.png
copying file ./config.xml ... 
2019-07-08 18:26:58 +0000  7634 bytes for ./config.xml
2019-07-08 18:26:58 +0000  copying file ./www/index.html ... 
2019-07-08 18:26:58 +0000  2031 bytes for ./www/index.html
2019-07-08 18:26:58 +0000  copying file ./www/cordova.js ... 
2019-07-08 18:26:58 +0000  78044 bytes for ./www/cordova.js
2019-07-08 18:26:58 +0000  copying file ./www/plugins/cordova-plugin-file/www/requestFileSystem.js ... 
2019-07-08 18:26:58 +0000  3244 bytes for ./www/plugins/cordova-plugin-file/www/requestFileSystem.js
2019-07-08 18:26:58 +0000  copying file ./www/plugins/cordova-plugin-file/www/DirectoryEntry.js ... 
2019-07-08 18:26:58 +0000  4681 bytes for ./www/plugins/cordova-plugin-file/www/DirectoryEntry.js
2019-07-08 18:26:58 +0000  copying file ./www/plugins/cordova-plugin-file/www/FileSystem.js ... 
2019-07-08 18:26:58 +0000  1960 bytes for ./www/plugins/cordova-plugin-file/www/FileSystem.js
2019-07-08 18:26:58 +0000  copying file ./www/plugins/cordova-plugin-file/www/Flags.js ... 
2019-07-08 18:26:58 +0000  1336 bytes for ./www/plugins/cordova-plugin-file/www/Flags.js
copying file ./www/plugins/cordova-plugin-file/www/fileSystemPaths.js ... 
2019-07-08 18:26:58 +0000  2548 bytes for ./www/plugins/cordova-plugin-file/www/fileSystemPaths.js
copying file ./www/plugins/cordova-plugin-file/www/FileEntry.js ... 
2019-07-08 18:26:58 +0000  3423 bytes for ./www/plugins/cordova-plugin-file/www/FileEntry.js
2019-07-08 18:26:58 +0000  copying file ./www/plugins/cordova-plugin-file/www/fileSystems.js ... 
2019-07-08 18:26:58 +0000  1047 bytes for ./www/plugins/cordova-plugin-file/www/fileSystems.js
copying file ./www/plugins/cordova-plugin-file/www/DirectoryReader.js ... 
2019-07-08 18:26:58 +0000  2724 bytes for ./www/plugins/cordova-plugin-file/www/DirectoryReader.js
2019-07-08 18:26:58 +0000  copying file ./www/plugins/cordova-plugin-file/www/Metadata.js ... 
2019-07-08 18:26:58 +0000  1488 bytes for ./www/plugins/cordova-plugin-file/www/Metadata.js
2019-07-08 18:26:58 +0000  copying file ./www/plugins/cordova-plugin-file/www/ios/FileSystem.js ... 
2019-07-08 18:26:58 +0000  1222 bytes for ./www/plugins/cordova-plugin-file/www/ios/FileSystem.js
2019-07-08 18:26:58 +0000  copying file ./www/plugins/cordova-plugin-file/www/browser/isChrome.js ... 
2019-07-08 18:26:58 +0000  1232 bytes for ./www/plugins/cordova-plugin-file/www/browser/isChrome.js
2019-07-08 18:26:58 +0000  copying file ./www/plugins/cordova-plugin-file/www/LocalFileSystem.js ... 
2019-07-08 18:26:58 +0000  957 bytes for ./www/plugins/cordova-plugin-file/www/LocalFileSystem.js
copying file ./www/plugins/cordova-plugin-file/www/FileReader.js ... 
2019-07-08 18:26:58 +0000  10523 bytes for ./www/plugins/cordova-plugin-file/www/FileReader.js
2019-07-08 18:26:58 +0000  copying file ./www/plugins/cordova-plugin-file/www/fileSystems-roots.js ... 
2019-07-08 18:26:58 +0000  1598 bytes for ./www/plugins/cordova-plugin-file/www/fileSystems-roots.js
2019-07-08 18:26:58 +0000  copying file ./www/plugins/cordova-plugin-file/www/FileUploadOptions.js ... 
2019-07-08 18:26:58 +0000  1831 bytes for ./www/plugins/cordova-plugin-file/www/FileUploadOptions.js
2019-07-08 18:26:58 +0000  copying file ./www/plugins/cordova-plugin-file/www/FileWriter.js ... 
2019-07-08 18:26:58 +0000  10544 bytes for ./www/plugins/cordova-plugin-file/www/FileWriter.js
2019-07-08 18:26:58 +0000  copying file ./www/plugins/cordova-plugin-file/www/FileError.js ... 
2019-07-08 18:26:58 +0000  1483 bytes for ./www/plugins/cordova-plugin-file/www/FileError.js
2019-07-08 18:26:58 +0000  copying file ./www/plugins/cordova-plugin-file/www/FileUploadResult.js ... 
2019-07-08 18:26:58 +0000  1111 bytes for ./www/plugins/cordova-plugin-file/www/FileUploadResult.js
2019-07-08 18:26:58 +0000  copying file ./www/plugins/cordova-plugin-file/www/ProgressEvent.js ... 
2019-07-08 18:26:58 +0000  2544 bytes for ./www/plugins/cordova-plugin-file/www/ProgressEvent.js
2019-07-08 18:26:58 +0000  copying file ./www/plugins/cordova-plugin-file/www/File.js ... 
2019-07-08 18:26:58 +0000  2714 bytes for ./www/plugins/cordova-plugin-file/www/File.js
copying file ./www/plugins/cordova-plugin-file/www/resolveLocalFileSystemURI.js ... 
2019-07-08 18:26:58 +0000  4325 bytes for ./www/plugins/cordova-plugin-file/www/resolveLocalFileSystemURI.js
copying file ./www/plugins/cordova-plugin-file/www/Entry.js ... 
2019-07-08 18:26:58 +0000  9869 bytes for ./www/plugins/cordova-plugin-file/www/Entry.js
2019-07-08 18:26:58 +0000  copying file ./www/plugins/cordova-plugin-advanced-http/www/angular-integration.js ... 
2019-07-08 18:26:58 +0000  3646 bytes for ./www/plugins/cordova-plugin-advanced-http/www/angular-integration.js
copying file ./www/plugins/cordova-plugin-advanced-http/www/cookie-handler.js ... 
2019-07-08 18:26:58 +0000  2096 bytes for ./www/plugins/cordova-plugin-advanced-http/www/cookie-handler.js
copying file ./www/plugins/cordova-plugin-advanced-http/www/local-storage-store.js ... 
2019-07-08 18:26:58 +0000  5427 bytes for ./www/plugins/cordova-plugin-advanced-http/www/local-storage-store.js
2019-07-08 18:26:58 +0000  copying file ./www/plugins/cordova-plugin-advanced-http/www/advanced-http.js ... 
2019-07-08 18:26:58 +0000  5615 bytes for ./www/plugins/cordova-plugin-advanced-http/www/advanced-http.js
2019-07-08 18:26:58 +0000  copying file ./www/plugins/cordova-plugin-advanced-http/www/umd-tough-cookie.js ... 
2019-07-08 18:26:58 +0000  290827 bytes for ./www/plugins/cordova-plugin-advanced-http/www/umd-tough-cookie.js
2019-07-08 18:26:58 +0000  copying file ./www/plugins/cordova-plugin-advanced-http/www/helpers.js ... 
2019-07-08 18:26:58 +0000  6968 bytes for ./www/plugins/cordova-plugin-advanced-http/www/helpers.js
2019-07-08 18:26:58 +0000  copying file ./www/plugins/cordova-plugin-advanced-http/www/lodash.js ... 
2019-07-08 18:26:58 +0000  8271 bytes for ./www/plugins/cordova-plugin-advanced-http/www/lodash.js
copying file ./www/plugins/cordova-plugin-advanced-http/www/messages.js ... 
2019-07-08 18:26:58 +0000  967 bytes for ./www/plugins/cordova-plugin-advanced-http/www/messages.js
2019-07-08 18:26:58 +0000  copying file ./www/plugins/cordova-plugin-ionic-webview/src/www/ios/ios-wkwebview-exec.js ... 
2019-07-08 18:26:58 +0000  6167 bytes for ./www/plugins/cordova-plugin-ionic-webview/src/www/ios/ios-wkwebview-exec.js
2019-07-08 18:26:58 +0000  copying file ./www/plugins/cordova-plugin-inappbrowser/www/inappbrowser.js ... 
2019-07-08 18:26:58 +0000  4425 bytes for ./www/plugins/cordova-plugin-inappbrowser/www/inappbrowser.js
2019-07-08 18:26:58 +0000  copying file ./www/plugins/cordova-plugin-device/www/device.js ... 
2019-07-08 18:26:58 +0000  3062 bytes for ./www/plugins/cordova-plugin-device/www/device.js
2019-07-08 18:26:58 +0000  copying file ./www/plugins/cordova-sqlite-storage/www/SQLitePlugin.js ... 
2019-07-08 18:26:58 +0000  32970 bytes for ./www/plugins/cordova-sqlite-storage/www/SQLitePlugin.js
2019-07-08 18:26:58 +0000  copying file ./www/plugins/ionic-plugin-keyboard/www/ios/keyboard.js ... 
2019-07-08 18:26:58 +0000  1108 bytes for ./www/plugins/ionic-plugin-keyboard/www/ios/keyboard.js
2019-07-08 18:26:58 +0000  copying file ./www/plugins/cordova-plugin-screen-orientation/www/screenorientation.js ... 
2019-07-08 18:26:58 +0000  5012 bytes for ./www/plugins/cordova-plugin-screen-orientation/www/screenorientation.js
2019-07-08 18:26:58 +0000  copying file ./www/plugins/cordova-pdf-generator/www/pdf.js ... 
2019-07-08 18:26:58 +0000  2417 bytes for ./www/plugins/cordova-pdf-generator/www/pdf.js
2019-07-08 18:26:58 +0000  copying file ./www/plugins/cordova-plugin-splashscreen/www/splashscreen.js ... 
2019-07-08 18:26:58 +0000  1173 bytes for ./www/plugins/cordova-plugin-splashscreen/www/splashscreen.js
2019-07-08 18:26:58 +0000  copying file ./www/plugins/cordova-plugin-tts/www/tts.js ... 
2019-07-08 18:26:58 +0000  627 bytes for ./www/plugins/cordova-plugin-tts/www/tts.js
2019-07-08 18:26:58 +0000  copying file ./www/cordova-js-src/exec.js ... 
2019-07-08 18:26:58 +0000  8877 bytes for ./www/cordova-js-src/exec.js
2019-07-08 18:26:58 +0000  copying file ./www/cordova-js-src/plugin/ios/logger.js ... 
2019-07-08 18:26:58 +0000  10233 bytes for ./www/cordova-js-src/plugin/ios/logger.js
2019-07-08 18:26:58 +0000  copying file ./www/cordova-js-src/plugin/ios/console.js ... 
2019-07-08 18:26:58 +0000  6822 bytes for ./www/cordova-js-src/plugin/ios/console.js
2019-07-08 18:26:58 +0000  copying file ./www/cordova-js-src/platform.js ... 
2019-07-08 18:26:58 +0000  1168 bytes for ./www/cordova-js-src/platform.js
2019-07-08 18:26:58 +0000  copying file ./www/manifest.json ... 
2019-07-08 18:26:58 +0000  266 bytes for ./www/manifest.json
copying file ./www/cordova_plugins.js ... 
2019-07-08 18:26:58 +0000  8702 bytes for ./www/cordova_plugins.js
copying file ./www/service-worker.js ... 
2019-07-08 18:26:58 +0000  775 bytes for ./www/service-worker.js
2019-07-08 18:26:58 +0000  copying file ./www/build/main.js.map ... 
2019-07-08 18:26:58 +0000  242253 bytes for ./www/build/main.js.map
2019-07-08 18:26:58 +0000  copying file ./www/build/main.css.map ... 
2019-07-08 18:26:58 +0000  4 bytes for ./www/build/main.css.map
copying file ./www/build/polyfills.js ... 
2019-07-08 18:26:58 +0000  97180 bytes for ./www/build/polyfills.js
2019-07-08 18:26:58 +0000  copying file ./www/build/main.css ... 
2019-07-08 18:26:58 +0000  517302 bytes for ./www/build/main.css
copying file ./www/build/vendor.js ... 
2019-07-08 18:26:58 +0000  5347495 bytes for ./www/build/vendor.js
2019-07-08 18:26:58 +0000  copying file ./www/build/main.js ... 
2019-07-08 18:26:58 +0000  189432 bytes for ./www/build/main.js
2019-07-08 18:26:58 +0000  copying file ./www/build/sw-toolbox.js ... 
2019-07-08 18:26:58 +0000  15793 bytes for ./www/build/sw-toolbox.js
copying file ./www/build/vendor.js.map ... 
2019-07-08 18:26:58 +0000  6330294 bytes for ./www/build/vendor.js.map
2019-07-08 18:26:58 +0000  copying file ./www/assets/imgs/loading.gif ... 
2019-07-08 18:26:58 +0000  181474 bytes for ./www/assets/imgs/loading.gif
2019-07-08 18:26:58 +0000  copying file ./www/assets/imgs/logo.png ... 
2019-07-08 18:26:58 +0000  12583 bytes for ./www/assets/imgs/logo.png
copying file ./www/assets/imgs/loginbg1.jpg ... 
2019-07-08 18:26:58 +0000  193282 bytes for ./www/assets/imgs/loginbg1.jpg
2019-07-08 18:26:58 +0000  copying file ./www/assets/js/util.js ... 
2019-07-08 18:26:58 +0000  2329 bytes for ./www/assets/js/util.js
2019-07-08 18:26:58 +0000  copying file ./www/assets/js/dragScroll.js ... 
2019-07-08 18:26:58 +0000  3003 bytes for ./www/assets/js/dragScroll.js
2019-07-08 18:26:58 +0000  copying file ./www/assets/js/palette.js ... 
2019-07-08 18:26:58 +0000  60211 bytes for ./www/assets/js/palette.js
2019-07-08 18:26:58 +0000  copying file ./www/assets/js/long-press.min.js ... 
2019-07-08 18:26:58 +0000  2940 bytes for ./www/assets/js/long-press.min.js
2019-07-08 18:26:58 +0000  copying file ./www/assets/icon/favicon.ico ... 
2019-07-08 18:26:58 +0000  16958 bytes for ./www/assets/icon/favicon.ico
2019-07-08 18:26:58 +0000  copying file ./www/assets/fonts/roboto-medium.ttf ... 
2019-07-08 18:26:58 +0000  19752 bytes for ./www/assets/fonts/roboto-medium.ttf
2019-07-08 18:26:58 +0000  copying file ./www/assets/fonts/roboto-light.woff2 ... 
2019-07-08 18:26:58 +0000  10220 bytes for ./www/assets/fonts/roboto-light.woff2
copying file ./www/assets/fonts/roboto-light.ttf ... 
2019-07-08 18:26:58 +0000  19908 bytes for ./www/assets/fonts/roboto-light.ttf
2019-07-08 18:26:58 +0000  copying file ./www/assets/fonts/roboto-regular.woff2 ... 
2019-07-08 18:26:58 +0000  10196 bytes for ./www/assets/fonts/roboto-regular.woff2
2019-07-08 18:26:58 +0000  copying file ./www/assets/fonts/roboto-regular.woff ... 
2019-07-08 18:26:58 +0000  13308 bytes for ./www/assets/fonts/roboto-regular.woff
copying file ./www/assets/fonts/noto-sans-bold.ttf ... 
2019-07-08 18:26:58 +0000  415132 bytes for ./www/assets/fonts/noto-sans-bold.ttf
2019-07-08 18:26:58 +0000  copying file ./www/assets/fonts/ionicons.eot ... 
2019-07-08 18:26:58 +0000  144114 bytes for ./www/assets/fonts/ionicons.eot
2019-07-08 18:26:58 +0000  copying file ./www/assets/fonts/noto-sans-bold.woff ... 
2019-07-08 18:26:58 +0000  211888 bytes for ./www/assets/fonts/noto-sans-bold.woff
2019-07-08 18:26:58 +0000  copying file ./www/assets/fonts/roboto-light.woff ... 
2019-07-08 18:26:58 +0000  13360 bytes for ./www/assets/fonts/roboto-light.woff
2019-07-08 18:26:58 +0000  copying file ./www/assets/fonts/roboto-medium.woff2 ... 
2019-07-08 18:26:58 +0000  10192 bytes for ./www/assets/fonts/roboto-medium.woff2
2019-07-08 18:26:58 +0000  copying file ./www/assets/fonts/ionicons.woff ... 
2019-07-08 18:26:58 +0000  80356 bytes for ./www/assets/fonts/ionicons.woff
2019-07-08 18:26:58 +0000  copying file ./www/assets/fonts/roboto-regular.ttf ... 
2019-07-08 18:26:58 +0000  19876 bytes for ./www/assets/fonts/roboto-regular.ttf
2019-07-08 18:26:58 +0000  copying file ./www/assets/fonts/ionicons.ttf ... 
2019-07-08 18:26:58 +0000  143936 bytes for ./www/assets/fonts/ionicons.ttf
2019-07-08 18:26:58 +0000  copying file ./www/assets/fonts/roboto-bold.woff2 ... 
2019-07-08 18:26:58 +0000  10212 bytes for ./www/assets/fonts/roboto-bold.woff2
2019-07-08 18:26:58 +0000  copying file ./www/assets/fonts/noto-sans.scss ... 
2019-07-08 18:26:58 +0000  1282 bytes for ./www/assets/fonts/noto-sans.scss
2019-07-08 18:26:58 +0000  copying file ./www/assets/fonts/roboto.scss ... 
2019-07-08 18:26:58 +0000  1458 bytes for ./www/assets/fonts/roboto.scss
2019-07-08 18:26:58 +0000  copying file ./www/assets/fonts/noto-sans-regular.woff ... 
2019-07-08 18:26:58 +0000  212780 bytes for ./www/assets/fonts/noto-sans-regular.woff
copying file ./www/assets/fonts/roboto-medium.woff ... 
2019-07-08 18:26:58 +0000  13248 bytes for ./www/assets/fonts/roboto-medium.woff
2019-07-08 18:26:58 +0000  copying file ./www/assets/fonts/roboto-bold.woff ... 
2019-07-08 18:26:58 +0000  13348 bytes for ./www/assets/fonts/roboto-bold.woff
copying file ./www/assets/fonts/noto-sans-regular.ttf ... 
2019-07-08 18:26:58 +0000  414820 bytes for ./www/assets/fonts/noto-sans-regular.ttf
copying file ./www/assets/fonts/ionicons.svg ... 
2019-07-08 18:26:58 +0000  400219 bytes for ./www/assets/fonts/ionicons.svg
2019-07-08 18:26:58 +0000  copying file ./www/assets/fonts/roboto-bold.ttf ... 
2019-07-08 18:26:58 +0000  20040 bytes for ./www/assets/fonts/roboto-bold.ttf
2019-07-08 18:26:58 +0000  copying file ./www/assets/fonts/ionicons.woff2 ... 
2019-07-08 18:26:58 +0000  61020 bytes for ./www/assets/fonts/ionicons.woff2
copying file ./www/assets/fonts/ionicons.scss ... 
2019-07-08 18:26:58 +0000  1152 bytes for ./www/assets/fonts/ionicons.scss
2019-07-08 18:26:58 +0000  copying file ./www/wk-plugin.js ... 
2019-07-08 18:26:58 +0000  1779 bytes for ./www/wk-plugin.js
2019-07-08 18:26:58 +0000  copying file ./LaunchImage-Landscape~ipad.png ... 
2019-07-08 18:26:58 +0000  426946 bytes for ./LaunchImage-Landscape~ipad.png
copying file ./LaunchImage-700-Portrait~ipad.png ... 
2019-07-08 18:26:58 +0000  394972 bytes for ./LaunchImage-700-Portrait~ipad.png
2019-07-08 18:26:58 +0000  copying file ./Assets.car ... 
2019-07-08 18:26:58 +0000  2950680 bytes for ./Assets.car
copying file ./AppIcon40x40@2x~ipad.png ... 
2019-07-08 18:26:58 +0000  4653 bytes for ./AppIcon40x40@2x~ipad.png
copying file ./AppIcon76x76@2x~ipad.png ... 
2019-07-08 18:26:58 +0000  8252 bytes for ./AppIcon76x76@2x~ipad.png
copying file ./LaunchImage-800-Portrait-736h@3x.png ... 
2019-07-08 18:26:58 +0000  1061170 bytes for ./LaunchImage-800-Portrait-736h@3x.png
copying file ./AppIcon72x72~ipad.png ... 
2019-07-08 18:26:58 +0000  4234 bytes for ./AppIcon72x72~ipad.png
2019-07-08 18:26:58 +0000  copying file ./CDVLaunchScreen.storyboardc/01J-lp-oVM-view-Ze5-6b-2t3.nib ... 
2019-07-08 18:26:58 +0000  2285 bytes for ./CDVLaunchScreen.storyboardc/01J-lp-oVM-view-Ze5-6b-2t3.nib
2019-07-08 18:26:58 +0000  copying file ./CDVLaunchScreen.storyboardc/UIViewController-01J-lp-oVM.nib ... 
2019-07-08 18:26:58 +0000  832 bytes for ./CDVLaunchScreen.storyboardc/UIViewController-01J-lp-oVM.nib
copying file ./CDVLaunchScreen.storyboardc/Info.plist ... 
2019-07-08 18:26:58 +0000  258 bytes for ./CDVLaunchScreen.storyboardc/Info.plist
2019-07-08 18:26:58 +0000  copying file ./LaunchImage-700@2x.png ... 
2019-07-08 18:26:58 +0000  312621 bytes for ./LaunchImage-700@2x.png
copying file ./AppIcon83.5x83.5@2x~ipad.png ... 
2019-07-08 18:26:58 +0000  9119 bytes for ./AppIcon83.5x83.5@2x~ipad.png
copying file ./LaunchImage-700-568h@2x.png ... 
2019-07-08 18:26:58 +0000  358889 bytes for ./LaunchImage-700-568h@2x.png
copying file ./LaunchImage-Landscape@2x~ipad.png ... 
2019-07-08 18:26:58 +0000  1376355 bytes for ./LaunchImage-Landscape@2x~ipad.png
copying file ./AppIcon50x50~ipad.png ... 
2019-07-08 18:26:58 +0000  2846 bytes for ./AppIcon50x50~ipad.png
2019-07-08 18:26:58 +0000  copying file ./AppIcon29x29@2x~ipad.png ... 
2019-07-08 18:26:58 +0000  3242 bytes for ./AppIcon29x29@2x~ipad.png
copying file ./LaunchImage-700-Landscape@2x~ipad.png ... 
2019-07-08 18:26:58 +0000  1376355 bytes for ./LaunchImage-700-Landscape@2x~ipad.png
copying file ./AppIcon50x50@2x~ipad.png ... 
2019-07-08 18:26:58 +0000  5666 bytes for ./AppIcon50x50@2x~ipad.png
copying file ./AppIcon40x40~ipad.png ... 
2019-07-08 18:26:58 +0000  2374 bytes for ./AppIcon40x40~ipad.png
2019-07-08 18:26:58 +0000  copying file ./LaunchImage.png ... 
2019-07-08 18:26:58 +0000  94069 bytes for ./LaunchImage.png
copying file ./embedded.mobileprovision ... 
2019-07-08 18:26:58 +0000  8109 bytes for ./embedded.mobileprovision
copying file ./LaunchImage-800-Landscape-736h@3x.png ... 
2019-07-08 18:26:58 +0000  1207431 bytes for ./LaunchImage-800-Landscape-736h@3x.png
2019-07-08 18:26:58 +0000  copying file ./LaunchImage-700-Portrait@2x~ipad.png ... 
2019-07-08 18:26:58 +0000  1274587 bytes for ./LaunchImage-700-Portrait@2x~ipad.png
2019-07-08 18:26:58 +0000  copying file ./LaunchImage-700-Landscape~ipad.png ... 
2019-07-08 18:26:58 +0000  426946 bytes for ./LaunchImage-700-Landscape~ipad.png
2019-07-08 18:26:58 +0000  copying file ./AppIcon20x20@2x~ipad.png ... 
2019-07-08 18:26:58 +0000  2374 bytes for ./AppIcon20x20@2x~ipad.png
copying file ./Info.plist ... 
2019-07-08 18:26:58 +0000  2379 bytes for ./Info.plist
2019-07-08 18:26:58 +0000  copying file ./PkgInfo ... 
2019-07-08 18:26:58 +0000  8 bytes for ./PkgInfo
copying file ./AppIcon76x76~ipad.png ... 
2019-07-08 18:26:58 +0000  4404 bytes for ./AppIcon76x76~ipad.png
2019-07-08 18:26:58 +0000  /usr/bin/ditto exited with 0
2019-07-08 18:26:58 +0000  Processing step: IDEDistributionEmbedProfileStep
2019-07-08 18:26:58 +0000  Processing step: IDEDistributionAppThinningPlistStep
2019-07-08 18:26:58 +0000  Skipping step: IDEDistributionAppThinningPlistStep because it said so
2019-07-08 18:26:58 +0000  Processing step: IDEDistributionCompileBitcodeStep
2019-07-08 18:26:58 +0000  Skipping step: IDEDistributionCompileBitcodeStep because it said so
2019-07-08 18:26:58 +0000  Processing step: IDEDistributionCodeSlimmingStep
2019-07-08 18:26:58 +0000  Processing step: IDEDistributionCopyBCSymbolMapsStep
2019-07-08 18:26:58 +0000  Skipping step: IDEDistributionCopyBCSymbolMapsStep because it said so
2019-07-08 18:26:58 +0000  Processing step: IDEDistributionSymbolsStep
2019-07-08 18:26:58 +0000  Skipping step: IDEDistributionSymbolsStep because it said so
2019-07-08 18:26:58 +0000  Processing step: IDEDistributionAppThinningStep
2019-07-08 18:26:58 +0000  Skipping step: IDEDistributionAppThinningStep because it said so
2019-07-08 18:26:58 +0000  Processing step: IDEDistributionArchThinningStep
2019-07-08 18:26:58 +0000  Running /Applications/Xcode.app/Contents/Developer/Toolchains/XcodeDefault.xctoolchain/usr/bin/lipo '/var/folders/kk/t63v7p456p189xqypt0rjk840000gn/T/XcodeDistPipeline.HGe/Root/Payload/Cep Müşavir.app/Cep Müşavir' '-verify_arch' 'arm64e'
2019-07-08 18:26:58 +0000  /Applications/Xcode.app/Contents/Developer/Toolchains/XcodeDefault.xctoolchain/usr/bin/lipo exited with 1
2019-07-08 18:26:58 +0000  Skipping architecture thinning for item "Cep Müşavir" because arch "arm64e" wasn't found
2019-07-08 18:26:58 +0000  Processing step: IDEDistributionODRStep
2019-07-08 18:26:58 +0000  Processing step: IDEDistributionStripXattrsStep
2019-07-08 18:26:58 +0000  Running /usr/bin/xattr '-crs' '/var/folders/kk/t63v7p456p189xqypt0rjk840000gn/T/XcodeDistPipeline.HGe/Root/Payload/Cep Müşavir.app'
2019-07-08 18:26:59 +0000  /usr/bin/xattr exited with 0
2019-07-08 18:26:59 +0000  Processing step: IDEDistributionCodesignStep
2019-07-08 18:26:59 +0000  Entitlements for <IDEDistributionItem: 0x7f8ddcdd0fe0 'com.huseyincandan.cepmusavir' '<DVTFilePath:0x7f8ddab7dae0:'/Users/huseyin/Library/Developer/Xcode/Archives/2019-07-08/Cep Müşavir 8.07.2019 21.25.xcarchive/Products/Applications/Cep Müşavir.app'>'>: {
    "application-identifier" = "9GYMKH28NB.com.huseyincandan.cepmusavir";
    "com.apple.developer.team-identifier" = 9GYMKH28NB;
    "get-task-allow" = 0;
}
2019-07-08 18:26:59 +0000  Writing entitlements for <IDEDistributionItem: 0x7f8ddcdd0fe0 'com.huseyincandan.cepmusavir' '<DVTFilePath:0x7f8ddab7dae0:'/Users/huseyin/Library/Developer/Xcode/Archives/2019-07-08/Cep Müşavir 8.07.2019 21.25.xcarchive/Products/Applications/Cep Müşavir.app'>'> to: /var/folders/kk/t63v7p456p189xqypt0rjk840000gn/T/XcodeDistPipeline.HGe/entitlementsvs78ss
2019-07-08 18:26:59 +0000  Running /usr/bin/codesign '-vvv' '--force' '--sign' '18E5822774580AABDE91E64065460A3A4C2EF02F' '--entitlements' '/var/folders/kk/t63v7p456p189xqypt0rjk840000gn/T/XcodeDistPipeline.HGe/entitlementsvs78ss' '--preserve-metadata=identifier,flags,runtime' '/var/folders/kk/t63v7p456p189xqypt0rjk840000gn/T/XcodeDistPipeline.HGe/Root/Payload/Cep Müşavir.app'
2019-07-08 18:26:59 +0000  /var/folders/kk/t63v7p456p189xqypt0rjk840000gn/T/XcodeDistPipeline.HGe/Root/Payload/Cep Müşavir.app: replacing existing signature
2019-07-08 18:26:59 +0000  /var/folders/kk/t63v7p456p189xqypt0rjk840000gn/T/XcodeDistPipeline.HGe/Root/Payload/Cep Müşavir.app: signed app bundle with Mach-O universal (armv7 arm64) [com.huseyincandan.cepmusavir]
2019-07-08 18:26:59 +0000  /usr/bin/codesign exited with 0
2019-07-08 18:26:59 +0000  Processing step: IDEDistributionZipODRItemStep
2019-07-08 18:26:59 +0000  Skipping step: IDEDistributionZipODRItemStep because it said so
2019-07-08 18:26:59 +0000  Processing step: IDEDistributionCreateIPAStep
2019-07-08 18:26:59 +0000  Running /usr/bin/ditto '-V' '-c' '-k' '--norsrc' '/var/folders/kk/t63v7p456p189xqypt0rjk840000gn/T/XcodeDistPipeline.HGe/Root' '/var/folders/kk/t63v7p456p189xqypt0rjk840000gn/T/XcodeDistPipeline.HGe/Packages/Cep Müşavir.ipa'
2019-07-08 18:26:59 +0000  >>> Copying /var/folders/kk/t63v7p456p189xqypt0rjk840000gn/T/XcodeDistPipeline.HGe/Root 
2019-07-08 18:26:59 +0000  copying file ./Payload/Cep Müşavir.app/_CodeSignature/CodeResources ... 
2019-07-08 18:26:59 +0000  46111 bytes for ./Payload/Cep Müşavir.app/_CodeSignature/CodeResources
2019-07-08 18:26:59 +0000  copying file ./Payload/Cep Müşavir.app/LaunchImage@2x.png ... 
2019-07-08 18:26:59 +0000  312621 bytes for ./Payload/Cep Müşavir.app/LaunchImage@2x.png
copying file ./Payload/Cep Müşavir.app/AppIcon20x20@2x.png ... 
2019-07-08 18:26:59 +0000  2374 bytes for ./Payload/Cep Müşavir.app/AppIcon20x20@2x.png
copying file ./Payload/Cep Müşavir.app/MainViewController.nib ... 
2019-07-08 18:26:59 +0000  943 bytes for ./Payload/Cep Müşavir.app/MainViewController.nib
copying file ./Payload/Cep Müşavir.app/AppIcon57x57.png ... 
2019-07-08 18:26:59 +0000  3180 bytes for ./Payload/Cep Müşavir.app/AppIcon57x57.png
copying file ./Payload/Cep Müşavir.app/AppIcon20x20@3x.png ... 
2019-07-08 18:26:59 +0000  3358 bytes for ./Payload/Cep Müşavir.app/AppIcon20x20@3x.png
copying file ./Payload/Cep Müşavir.app/AppIcon29x29.png ... 
2019-07-08 18:26:59 +0000  1628 bytes for ./Payload/Cep Müşavir.app/AppIcon29x29.png
copying file ./Payload/Cep Müşavir.app/LaunchImage-568h@2x.png ... 
2019-07-08 18:26:59 +0000  358889 bytes for ./Payload/Cep Müşavir.app/LaunchImage-568h@2x.png
copying file ./Payload/Cep Müşavir.app/AppIcon60x60@2x.png ... 
2019-07-08 18:26:59 +0000  6683 bytes for ./Payload/Cep Müşavir.app/AppIcon60x60@2x.png
copying file ./Payload/Cep Müşavir.app/AppIcon72x72@2x~ipad.png ... 
2019-07-08 18:26:59 +0000  7980 bytes for ./Payload/Cep Müşavir.app/AppIcon72x72@2x~ipad.png
copying file ./Payload/Cep Müşavir.app/Cep Müşavir ... 
2019-07-08 18:26:59 +0000  2539120 bytes for ./Payload/Cep Müşavir.app/Cep Müşavir
copying file ./Payload/Cep Müşavir.app/AppIcon29x29@2x.png ... 
2019-07-08 18:26:59 +0000  3242 bytes for ./Payload/Cep Müşavir.app/AppIcon29x29@2x.png
copying file ./Payload/Cep Müşavir.app/LaunchImage-800-667h@2x.png ... 
2019-07-08 18:26:59 +0000  472395 bytes for ./Payload/Cep Müşavir.app/LaunchImage-800-667h@2x.png
2019-07-08 18:26:59 +0000  copying file ./Payload/Cep Müşavir.app/LaunchImage-Portrait@2x~ipad.png ... 
2019-07-08 18:26:59 +0000  1274587 bytes for ./Payload/Cep Müşavir.app/LaunchImage-Portrait@2x~ipad.png
2019-07-08 18:26:59 +0000  copying file ./Payload/Cep Müşavir.app/AppIcon40x40@3x.png ... 
2019-07-08 18:26:59 +0000  6683 bytes for ./Payload/Cep Müşavir.app/AppIcon40x40@3x.png
copying file ./Payload/Cep Müşavir.app/AppIcon57x57@2x.png ... 
2019-07-08 18:26:59 +0000  6328 bytes for ./Payload/Cep Müşavir.app/AppIcon57x57@2x.png
copying file ./Payload/Cep Müşavir.app/AppIcon29x29~ipad.png ... 
2019-07-08 18:26:59 +0000  1628 bytes for ./Payload/Cep Müşavir.app/AppIcon29x29~ipad.png
copying file ./Payload/Cep Müşavir.app/AppIcon40x40@2x.png ... 
2019-07-08 18:26:59 +0000  4653 bytes for ./Payload/Cep Müşavir.app/AppIcon40x40@2x.png
copying file ./Payload/Cep Müşavir.app/LaunchImage-Portrait~ipad.png ... 
2019-07-08 18:26:59 +0000  394972 bytes for ./Payload/Cep Müşavir.app/LaunchImage-Portrait~ipad.png
copying file ./Payload/Cep Müşavir.app/AppIcon29x29@3x.png ... 
2019-07-08 18:26:59 +0000  4971 bytes for ./Payload/Cep Müşavir.app/AppIcon29x29@3x.png
2019-07-08 18:26:59 +0000  copying file ./Payload/Cep Müşavir.app/AppIcon60x60@3x.png ... 
2019-07-08 18:26:59 +0000  9782 bytes for ./Payload/Cep Müşavir.app/AppIcon60x60@3x.png
copying file ./Payload/Cep Müşavir.app/config.xml ... 
2019-07-08 18:26:59 +0000  7634 bytes for ./Payload/Cep Müşavir.app/config.xml
2019-07-08 18:26:59 +0000  copying file ./Payload/Cep Müşavir.app/www/index.html ... 
2019-07-08 18:26:59 +0000  2031 bytes for ./Payload/Cep Müşavir.app/www/index.html
2019-07-08 18:26:59 +0000  copying file ./Payload/Cep Müşavir.app/www/cordova.js ... 
2019-07-08 18:26:59 +0000  78044 bytes for ./Payload/Cep Müşavir.app/www/cordova.js
2019-07-08 18:26:59 +0000  copying file ./Payload/Cep Müşavir.app/www/plugins/cordova-plugin-file/www/requestFileSystem.js ... 
2019-07-08 18:26:59 +0000  3244 bytes for ./Payload/Cep Müşavir.app/www/plugins/cordova-plugin-file/www/requestFileSystem.js
copying file ./Payload/Cep Müşavir.app/www/plugins/cordova-plugin-file/www/DirectoryEntry.js ... 
2019-07-08 18:26:59 +0000  4681 bytes for ./Payload/Cep Müşavir.app/www/plugins/cordova-plugin-file/www/DirectoryEntry.js
copying file ./Payload/Cep Müşavir.app/www/plugins/cordova-plugin-file/www/FileSystem.js ... 
2019-07-08 18:26:59 +0000  1960 bytes for ./Payload/Cep Müşavir.app/www/plugins/cordova-plugin-file/www/FileSystem.js
copying file ./Payload/Cep Müşavir.app/www/plugins/cordova-plugin-file/www/Flags.js ... 
2019-07-08 18:26:59 +0000  1336 bytes for ./Payload/Cep Müşavir.app/www/plugins/cordova-plugin-file/www/Flags.js
2019-07-08 18:26:59 +0000  copying file ./Payload/Cep Müşavir.app/www/plugins/cordova-plugin-file/www/fileSystemPaths.js ... 
2019-07-08 18:26:59 +0000  2548 bytes for ./Payload/Cep Müşavir.app/www/plugins/cordova-plugin-file/www/fileSystemPaths.js
copying file ./Payload/Cep Müşavir.app/www/plugins/cordova-plugin-file/www/FileEntry.js ... 
2019-07-08 18:26:59 +0000  3423 bytes for ./Payload/Cep Müşavir.app/www/plugins/cordova-plugin-file/www/FileEntry.js
2019-07-08 18:26:59 +0000  copying file ./Payload/Cep Müşavir.app/www/plugins/cordova-plugin-file/www/fileSystems.js ... 
2019-07-08 18:26:59 +0000  1047 bytes for ./Payload/Cep Müşavir.app/www/plugins/cordova-plugin-file/www/fileSystems.js
copying file ./Payload/Cep Müşavir.app/www/plugins/cordova-plugin-file/www/DirectoryReader.js ... 
2019-07-08 18:26:59 +0000  2724 bytes for ./Payload/Cep Müşavir.app/www/plugins/cordova-plugin-file/www/DirectoryReader.js
copying file ./Payload/Cep Müşavir.app/www/plugins/cordova-plugin-file/www/Metadata.js ... 
2019-07-08 18:26:59 +0000  1488 bytes for ./Payload/Cep Müşavir.app/www/plugins/cordova-plugin-file/www/Metadata.js
2019-07-08 18:26:59 +0000  copying file ./Payload/Cep Müşavir.app/www/plugins/cordova-plugin-file/www/ios/FileSystem.js ... 
2019-07-08 18:26:59 +0000  1222 bytes for ./Payload/Cep Müşavir.app/www/plugins/cordova-plugin-file/www/ios/FileSystem.js
2019-07-08 18:26:59 +0000  copying file ./Payload/Cep Müşavir.app/www/plugins/cordova-plugin-file/www/browser/isChrome.js ... 
1232 bytes for ./Payload/Cep Müşavir.app/www/plugins/cordova-plugin-file/www/browser/isChrome.js
2019-07-08 18:26:59 +0000  copying file ./Payload/Cep Müşavir.app/www/plugins/cordova-plugin-file/www/LocalFileSystem.js ... 
2019-07-08 18:26:59 +0000  957 bytes for ./Payload/Cep Müşavir.app/www/plugins/cordova-plugin-file/www/LocalFileSystem.js
copying file ./Payload/Cep Müşavir.app/www/plugins/cordova-plugin-file/www/FileReader.js ... 
2019-07-08 18:26:59 +0000  10523 bytes for ./Payload/Cep Müşavir.app/www/plugins/cordova-plugin-file/www/FileReader.js
copying file ./Payload/Cep Müşavir.app/www/plugins/cordova-plugin-file/www/fileSystems-roots.js ... 
2019-07-08 18:26:59 +0000  1598 bytes for ./Payload/Cep Müşavir.app/www/plugins/cordova-plugin-file/www/fileSystems-roots.js
2019-07-08 18:26:59 +0000  copying file ./Payload/Cep Müşavir.app/www/plugins/cordova-plugin-file/www/FileUploadOptions.js ... 
2019-07-08 18:26:59 +0000  1831 bytes for ./Payload/Cep Müşavir.app/www/plugins/cordova-plugin-file/www/FileUploadOptions.js
copying file ./Payload/Cep Müşavir.app/www/plugins/cordova-plugin-file/www/FileWriter.js ... 
2019-07-08 18:26:59 +0000  10544 bytes for ./Payload/Cep Müşavir.app/www/plugins/cordova-plugin-file/www/FileWriter.js
copying file ./Payload/Cep Müşavir.app/www/plugins/cordova-plugin-file/www/FileError.js ... 
2019-07-08 18:26:59 +0000  1483 bytes for ./Payload/Cep Müşavir.app/www/plugins/cordova-plugin-file/www/FileError.js
copying file ./Payload/Cep Müşavir.app/www/plugins/cordova-plugin-file/www/FileUploadResult.js ... 
2019-07-08 18:26:59 +0000  1111 bytes for ./Payload/Cep Müşavir.app/www/plugins/cordova-plugin-file/www/FileUploadResult.js
2019-07-08 18:26:59 +0000  copying file ./Payload/Cep Müşavir.app/www/plugins/cordova-plugin-file/www/ProgressEvent.js ... 
2019-07-08 18:26:59 +0000  2544 bytes for ./Payload/Cep Müşavir.app/www/plugins/cordova-plugin-file/www/ProgressEvent.js
copying file ./Payload/Cep Müşavir.app/www/plugins/cordova-plugin-file/www/File.js ... 
2019-07-08 18:26:59 +0000  2714 bytes for ./Payload/Cep Müşavir.app/www/plugins/cordova-plugin-file/www/File.js
2019-07-08 18:26:59 +0000  copying file ./Payload/Cep Müşavir.app/www/plugins/cordova-plugin-file/www/resolveLocalFileSystemURI.js ... 
2019-07-08 18:26:59 +0000  4325 bytes for ./Payload/Cep Müşavir.app/www/plugins/cordova-plugin-file/www/resolveLocalFileSystemURI.js
2019-07-08 18:26:59 +0000  copying file ./Payload/Cep Müşavir.app/www/plugins/cordova-plugin-file/www/Entry.js ... 
2019-07-08 18:26:59 +0000  9869 bytes for ./Payload/Cep Müşavir.app/www/plugins/cordova-plugin-file/www/Entry.js
2019-07-08 18:26:59 +0000  copying file ./Payload/Cep Müşavir.app/www/plugins/cordova-plugin-advanced-http/www/angular-integration.js ... 
2019-07-08 18:26:59 +0000  3646 bytes for ./Payload/Cep Müşavir.app/www/plugins/cordova-plugin-advanced-http/www/angular-integration.js
2019-07-08 18:26:59 +0000  copying file ./Payload/Cep Müşavir.app/www/plugins/cordova-plugin-advanced-http/www/cookie-handler.js ... 
2019-07-08 18:26:59 +0000  2096 bytes for ./Payload/Cep Müşavir.app/www/plugins/cordova-plugin-advanced-http/www/cookie-handler.js
copying file ./Payload/Cep Müşavir.app/www/plugins/cordova-plugin-advanced-http/www/local-storage-store.js ... 
2019-07-08 18:26:59 +0000  5427 bytes for ./Payload/Cep Müşavir.app/www/plugins/cordova-plugin-advanced-http/www/local-storage-store.js
copying file ./Payload/Cep Müşavir.app/www/plugins/cordova-plugin-advanced-http/www/advanced-http.js ... 
2019-07-08 18:26:59 +0000  5615 bytes for ./Payload/Cep Müşavir.app/www/plugins/cordova-plugin-advanced-http/www/advanced-http.js
copying file ./Payload/Cep Müşavir.app/www/plugins/cordova-plugin-advanced-http/www/umd-tough-cookie.js ... 
2019-07-08 18:26:59 +0000  290827 bytes for ./Payload/Cep Müşavir.app/www/plugins/cordova-plugin-advanced-http/www/umd-tough-cookie.js
copying file ./Payload/Cep Müşavir.app/www/plugins/cordova-plugin-advanced-http/www/helpers.js ... 
2019-07-08 18:26:59 +0000  6968 bytes for ./Payload/Cep Müşavir.app/www/plugins/cordova-plugin-advanced-http/www/helpers.js
copying file ./Payload/Cep Müşavir.app/www/plugins/cordova-plugin-advanced-http/www/lodash.js ... 
2019-07-08 18:26:59 +0000  8271 bytes for ./Payload/Cep Müşavir.app/www/plugins/cordova-plugin-advanced-http/www/lodash.js
copying file ./Payload/Cep Müşavir.app/www/plugins/cordova-plugin-advanced-http/www/messages.js ... 
2019-07-08 18:26:59 +0000  967 bytes for ./Payload/Cep Müşavir.app/www/plugins/cordova-plugin-advanced-http/www/messages.js
2019-07-08 18:26:59 +0000  copying file ./Payload/Cep Müşavir.app/www/plugins/cordova-plugin-ionic-webview/src/www/ios/ios-wkwebview-exec.js ... 
2019-07-08 18:26:59 +0000  6167 bytes for ./Payload/Cep Müşavir.app/www/plugins/cordova-plugin-ionic-webview/src/www/ios/ios-wkwebview-exec.js
2019-07-08 18:26:59 +0000  copying file ./Payload/Cep Müşavir.app/www/plugins/cordova-plugin-inappbrowser/www/inappbrowser.js ... 
2019-07-08 18:26:59 +0000  4425 bytes for ./Payload/Cep Müşavir.app/www/plugins/cordova-plugin-inappbrowser/www/inappbrowser.js
2019-07-08 18:26:59 +0000  copying file ./Payload/Cep Müşavir.app/www/plugins/cordova-plugin-device/www/device.js ... 
2019-07-08 18:26:59 +0000  3062 bytes for ./Payload/Cep Müşavir.app/www/plugins/cordova-plugin-device/www/device.js
2019-07-08 18:26:59 +0000  copying file ./Payload/Cep Müşavir.app/www/plugins/cordova-sqlite-storage/www/SQLitePlugin.js ... 
2019-07-08 18:26:59 +0000  32970 bytes for ./Payload/Cep Müşavir.app/www/plugins/cordova-sqlite-storage/www/SQLitePlugin.js
2019-07-08 18:26:59 +0000  copying file ./Payload/Cep Müşavir.app/www/plugins/ionic-plugin-keyboard/www/ios/keyboard.js ... 
2019-07-08 18:26:59 +0000  1108 bytes for ./Payload/Cep Müşavir.app/www/plugins/ionic-plugin-keyboard/www/ios/keyboard.js
2019-07-08 18:26:59 +0000  copying file ./Payload/Cep Müşavir.app/www/plugins/cordova-plugin-screen-orientation/www/screenorientation.js ... 
2019-07-08 18:26:59 +0000  5012 bytes for ./Payload/Cep Müşavir.app/www/plugins/cordova-plugin-screen-orientation/www/screenorientation.js
2019-07-08 18:26:59 +0000  copying file ./Payload/Cep Müşavir.app/www/plugins/cordova-pdf-generator/www/pdf.js ... 
2019-07-08 18:26:59 +0000  2417 bytes for ./Payload/Cep Müşavir.app/www/plugins/cordova-pdf-generator/www/pdf.js
2019-07-08 18:26:59 +0000  copying file ./Payload/Cep Müşavir.app/www/plugins/cordova-plugin-splashscreen/www/splashscreen.js ... 
2019-07-08 18:26:59 +0000  1173 bytes for ./Payload/Cep Müşavir.app/www/plugins/cordova-plugin-splashscreen/www/splashscreen.js
2019-07-08 18:26:59 +0000  copying file ./Payload/Cep Müşavir.app/www/plugins/cordova-plugin-tts/www/tts.js ... 
2019-07-08 18:26:59 +0000  627 bytes for ./Payload/Cep Müşavir.app/www/plugins/cordova-plugin-tts/www/tts.js
2019-07-08 18:26:59 +0000  copying file ./Payload/Cep Müşavir.app/www/cordova-js-src/exec.js ... 
2019-07-08 18:26:59 +0000  8877 bytes for ./Payload/Cep Müşavir.app/www/cordova-js-src/exec.js
2019-07-08 18:26:59 +0000  copying file ./Payload/Cep Müşavir.app/www/cordova-js-src/plugin/ios/logger.js ... 
2019-07-08 18:26:59 +0000  10233 bytes for ./Payload/Cep Müşavir.app/www/cordova-js-src/plugin/ios/logger.js
copying file ./Payload/Cep Müşavir.app/www/cordova-js-src/plugin/ios/console.js ... 
2019-07-08 18:26:59 +0000  6822 bytes for ./Payload/Cep Müşavir.app/www/cordova-js-src/plugin/ios/console.js
2019-07-08 18:26:59 +0000  copying file ./Payload/Cep Müşavir.app/www/cordova-js-src/platform.js ... 
2019-07-08 18:26:59 +0000  1168 bytes for ./Payload/Cep Müşavir.app/www/cordova-js-src/platform.js
copying file ./Payload/Cep Müşavir.app/www/manifest.json ... 
2019-07-08 18:26:59 +0000  266 bytes for ./Payload/Cep Müşavir.app/www/manifest.json
copying file ./Payload/Cep Müşavir.app/www/cordova_plugins.js ... 
2019-07-08 18:26:59 +0000  8702 bytes for ./Payload/Cep Müşavir.app/www/cordova_plugins.js
2019-07-08 18:26:59 +0000  copying file ./Payload/Cep Müşavir.app/www/service-worker.js ... 
2019-07-08 18:26:59 +0000  775 bytes for ./Payload/Cep Müşavir.app/www/service-worker.js
copying file ./Payload/Cep Müşavir.app/www/build/main.js.map ... 
2019-07-08 18:26:59 +0000  242253 bytes for ./Payload/Cep Müşavir.app/www/build/main.js.map
copying file ./Payload/Cep Müşavir.app/www/build/main.css.map ... 
2019-07-08 18:26:59 +0000  4 bytes for ./Payload/Cep Müşavir.app/www/build/main.css.map
copying file ./Payload/Cep Müşavir.app/www/build/polyfills.js ... 
2019-07-08 18:26:59 +0000  97180 bytes for ./Payload/Cep Müşavir.app/www/build/polyfills.js
copying file ./Payload/Cep Müşavir.app/www/build/main.css ... 
2019-07-08 18:26:59 +0000  517302 bytes for ./Payload/Cep Müşavir.app/www/build/main.css
copying file ./Payload/Cep Müşavir.app/www/build/vendor.js ... 
2019-07-08 18:26:59 +0000  5347495 bytes for ./Payload/Cep Müşavir.app/www/build/vendor.js
copying file ./Payload/Cep Müşavir.app/www/build/main.js ... 
2019-07-08 18:26:59 +0000  189432 bytes for ./Payload/Cep Müşavir.app/www/build/main.js
copying file ./Payload/Cep Müşavir.app/www/build/sw-toolbox.js ... 
2019-07-08 18:26:59 +0000  15793 bytes for ./Payload/Cep Müşavir.app/www/build/sw-toolbox.js
copying file ./Payload/Cep Müşavir.app/www/build/vendor.js.map ... 
2019-07-08 18:27:00 +0000  6330294 bytes for ./Payload/Cep Müşavir.app/www/build/vendor.js.map
2019-07-08 18:27:00 +0000  copying file ./Payload/Cep Müşavir.app/www/assets/imgs/loading.gif ... 
2019-07-08 18:27:00 +0000  181474 bytes for ./Payload/Cep Müşavir.app/www/assets/imgs/loading.gif
copying file ./Payload/Cep Müşavir.app/www/assets/imgs/logo.png ... 
2019-07-08 18:27:00 +0000  12583 bytes for ./Payload/Cep Müşavir.app/www/assets/imgs/logo.png
copying file ./Payload/Cep Müşavir.app/www/assets/imgs/loginbg1.jpg ... 
2019-07-08 18:27:00 +0000  193282 bytes for ./Payload/Cep Müşavir.app/www/assets/imgs/loginbg1.jpg
2019-07-08 18:27:00 +0000  copying file ./Payload/Cep Müşavir.app/www/assets/js/util.js ... 
2019-07-08 18:27:00 +0000  2329 bytes for ./Payload/Cep Müşavir.app/www/assets/js/util.js
copying file ./Payload/Cep Müşavir.app/www/assets/js/dragScroll.js ... 
2019-07-08 18:27:00 +0000  3003 bytes for ./Payload/Cep Müşavir.app/www/assets/js/dragScroll.js
2019-07-08 18:27:00 +0000  copying file ./Payload/Cep Müşavir.app/www/assets/js/palette.js ... 
2019-07-08 18:27:00 +0000  60211 bytes for ./Payload/Cep Müşavir.app/www/assets/js/palette.js
copying file ./Payload/Cep Müşavir.app/www/assets/js/long-press.min.js ... 
2019-07-08 18:27:00 +0000  2940 bytes for ./Payload/Cep Müşavir.app/www/assets/js/long-press.min.js
2019-07-08 18:27:00 +0000  copying file ./Payload/Cep Müşavir.app/www/assets/icon/favicon.ico ... 
2019-07-08 18:27:00 +0000  16958 bytes for ./Payload/Cep Müşavir.app/www/assets/icon/favicon.ico
2019-07-08 18:27:00 +0000  copying file ./Payload/Cep Müşavir.app/www/assets/fonts/roboto-medium.ttf ... 
2019-07-08 18:27:00 +0000  19752 bytes for ./Payload/Cep Müşavir.app/www/assets/fonts/roboto-medium.ttf
copying file ./Payload/Cep Müşavir.app/www/assets/fonts/roboto-light.woff2 ... 
2019-07-08 18:27:00 +0000  10220 bytes for ./Payload/Cep Müşavir.app/www/assets/fonts/roboto-light.woff2
copying file ./Payload/Cep Müşavir.app/www/assets/fonts/roboto-light.ttf ... 
2019-07-08 18:27:00 +0000  19908 bytes for ./Payload/Cep Müşavir.app/www/assets/fonts/roboto-light.ttf
copying file ./Payload/Cep Müşavir.app/www/assets/fonts/roboto-regular.woff2 ... 
2019-07-08 18:27:00 +0000  10196 bytes for ./Payload/Cep Müşavir.app/www/assets/fonts/roboto-regular.woff2
2019-07-08 18:27:00 +0000  copying file ./Payload/Cep Müşavir.app/www/assets/fonts/roboto-regular.woff ... 
2019-07-08 18:27:00 +0000  13308 bytes for ./Payload/Cep Müşavir.app/www/assets/fonts/roboto-regular.woff
2019-07-08 18:27:00 +0000  copying file ./Payload/Cep Müşavir.app/www/assets/fonts/noto-sans-bold.ttf ... 
2019-07-08 18:27:00 +0000  415132 bytes for ./Payload/Cep Müşavir.app/www/assets/fonts/noto-sans-bold.ttf
copying file ./Payload/Cep Müşavir.app/www/assets/fonts/ionicons.eot ... 
2019-07-08 18:27:00 +0000  144114 bytes for ./Payload/Cep Müşavir.app/www/assets/fonts/ionicons.eot
copying file ./Payload/Cep Müşavir.app/www/assets/fonts/noto-sans-bold.woff ... 
2019-07-08 18:27:00 +0000  211888 bytes for ./Payload/Cep Müşavir.app/www/assets/fonts/noto-sans-bold.woff
copying file ./Payload/Cep Müşavir.app/www/assets/fonts/roboto-light.woff ... 
2019-07-08 18:27:00 +0000  13360 bytes for ./Payload/Cep Müşavir.app/www/assets/fonts/roboto-light.woff
2019-07-08 18:27:00 +0000  copying file ./Payload/Cep Müşavir.app/www/assets/fonts/roboto-medium.woff2 ... 
2019-07-08 18:27:00 +0000  10192 bytes for ./Payload/Cep Müşavir.app/www/assets/fonts/roboto-medium.woff2
copying file ./Payload/Cep Müşavir.app/www/assets/fonts/ionicons.woff ... 
2019-07-08 18:27:00 +0000  80356 bytes for ./Payload/Cep Müşavir.app/www/assets/fonts/ionicons.woff
copying file ./Payload/Cep Müşavir.app/www/assets/fonts/roboto-regular.ttf ... 
2019-07-08 18:27:00 +0000  19876 bytes for ./Payload/Cep Müşavir.app/www/assets/fonts/roboto-regular.ttf
copying file ./Payload/Cep Müşavir.app/www/assets/fonts/ionicons.ttf ... 
2019-07-08 18:27:00 +0000  143936 bytes for ./Payload/Cep Müşavir.app/www/assets/fonts/ionicons.ttf
copying file ./Payload/Cep Müşavir.app/www/assets/fonts/roboto-bold.woff2 ... 
2019-07-08 18:27:00 +0000  10212 bytes for ./Payload/Cep Müşavir.app/www/assets/fonts/roboto-bold.woff2
copying file ./Payload/Cep Müşavir.app/www/assets/fonts/noto-sans.scss ... 
2019-07-08 18:27:00 +0000  1282 bytes for ./Payload/Cep Müşavir.app/www/assets/fonts/noto-sans.scss
copying file ./Payload/Cep Müşavir.app/www/assets/fonts/roboto.scss ... 
2019-07-08 18:27:00 +0000  1458 bytes for ./Payload/Cep Müşavir.app/www/assets/fonts/roboto.scss
copying file ./Payload/Cep Müşavir.app/www/assets/fonts/noto-sans-regular.woff ... 
2019-07-08 18:27:00 +0000  212780 bytes for ./Payload/Cep Müşavir.app/www/assets/fonts/noto-sans-regular.woff
copying file ./Payload/Cep Müşavir.app/www/assets/fonts/roboto-medium.woff ... 
2019-07-08 18:27:00 +0000  13248 bytes for ./Payload/Cep Müşavir.app/www/assets/fonts/roboto-medium.woff
2019-07-08 18:27:00 +0000  copying file ./Payload/Cep Müşavir.app/www/assets/fonts/roboto-bold.woff ... 
2019-07-08 18:27:00 +0000  13348 bytes for ./Payload/Cep Müşavir.app/www/assets/fonts/roboto-bold.woff
copying file ./Payload/Cep Müşavir.app/www/assets/fonts/noto-sans-regular.ttf ... 
2019-07-08 18:27:00 +0000  414820 bytes for ./Payload/Cep Müşavir.app/www/assets/fonts/noto-sans-regular.ttf
2019-07-08 18:27:00 +0000  copying file ./Payload/Cep Müşavir.app/www/assets/fonts/ionicons.svg ... 
2019-07-08 18:27:00 +0000  400219 bytes for ./Payload/Cep Müşavir.app/www/assets/fonts/ionicons.svg
copying file ./Payload/Cep Müşavir.app/www/assets/fonts/roboto-bold.ttf ... 
2019-07-08 18:27:00 +0000  20040 bytes for ./Payload/Cep Müşavir.app/www/assets/fonts/roboto-bold.ttf
copying file ./Payload/Cep Müşavir.app/www/assets/fonts/ionicons.woff2 ... 
2019-07-08 18:27:00 +0000  61020 bytes for ./Payload/Cep Müşavir.app/www/assets/fonts/ionicons.woff2
2019-07-08 18:27:00 +0000  copying file ./Payload/Cep Müşavir.app/www/assets/fonts/ionicons.scss ... 
2019-07-08 18:27:00 +0000  1152 bytes for ./Payload/Cep Müşavir.app/www/assets/fonts/ionicons.scss
copying file ./Payload/Cep Müşavir.app/www/wk-plugin.js ... 
2019-07-08 18:27:00 +0000  1779 bytes for ./Payload/Cep Müşavir.app/www/wk-plugin.js
2019-07-08 18:27:00 +0000  copying file ./Payload/Cep Müşavir.app/LaunchImage-Landscape~ipad.png ... 
2019-07-08 18:27:00 +0000  426946 bytes for ./Payload/Cep Müşavir.app/LaunchImage-Landscape~ipad.png
copying file ./Payload/Cep Müşavir.app/LaunchImage-700-Portrait~ipad.png ... 
2019-07-08 18:27:00 +0000  394972 bytes for ./Payload/Cep Müşavir.app/LaunchImage-700-Portrait~ipad.png
copying file ./Payload/Cep Müşavir.app/Assets.car ... 
2019-07-08 18:27:00 +0000  2950680 bytes for ./Payload/Cep Müşavir.app/Assets.car
copying file ./Payload/Cep Müşavir.app/AppIcon40x40@2x~ipad.png ... 
2019-07-08 18:27:00 +0000  4653 bytes for ./Payload/Cep Müşavir.app/AppIcon40x40@2x~ipad.png
copying file ./Payload/Cep Müşavir.app/AppIcon76x76@2x~ipad.png ... 
2019-07-08 18:27:00 +0000  8252 bytes for ./Payload/Cep Müşavir.app/AppIcon76x76@2x~ipad.png
2019-07-08 18:27:00 +0000  copying file ./Payload/Cep Müşavir.app/LaunchImage-800-Portrait-736h@3x.png ... 
2019-07-08 18:27:00 +0000  1061170 bytes for ./Payload/Cep Müşavir.app/LaunchImage-800-Portrait-736h@3x.png
copying file ./Payload/Cep Müşavir.app/AppIcon72x72~ipad.png ... 
2019-07-08 18:27:00 +0000  4234 bytes for ./Payload/Cep Müşavir.app/AppIcon72x72~ipad.png
2019-07-08 18:27:00 +0000  copying file ./Payload/Cep Müşavir.app/CDVLaunchScreen.storyboardc/01J-lp-oVM-view-Ze5-6b-2t3.nib ... 
2019-07-08 18:27:00 +0000  2285 bytes for ./Payload/Cep Müşavir.app/CDVLaunchScreen.storyboardc/01J-lp-oVM-view-Ze5-6b-2t3.nib
2019-07-08 18:27:00 +0000  copying file ./Payload/Cep Müşavir.app/CDVLaunchScreen.storyboardc/UIViewController-01J-lp-oVM.nib ... 
2019-07-08 18:27:00 +0000  832 bytes for ./Payload/Cep Müşavir.app/CDVLaunchScreen.storyboardc/UIViewController-01J-lp-oVM.nib
copying file ./Payload/Cep Müşavir.app/CDVLaunchScreen.storyboardc/Info.plist ... 
2019-07-08 18:27:00 +0000  258 bytes for ./Payload/Cep Müşavir.app/CDVLaunchScreen.storyboardc/Info.plist
copying file ./Payload/Cep Müşavir.app/LaunchImage-700@2x.png ... 
2019-07-08 18:27:00 +0000  312621 bytes for ./Payload/Cep Müşavir.app/LaunchImage-700@2x.png
copying file ./Payload/Cep Müşavir.app/AppIcon83.5x83.5@2x~ipad.png ... 
2019-07-08 18:27:00 +0000  9119 bytes for ./Payload/Cep Müşavir.app/AppIcon83.5x83.5@2x~ipad.png
copying file ./Payload/Cep Müşavir.app/LaunchImage-700-568h@2x.png ... 
2019-07-08 18:27:00 +0000  358889 bytes for ./Payload/Cep Müşavir.app/LaunchImage-700-568h@2x.png
copying file ./Payload/Cep Müşavir.app/LaunchImage-Landscape@2x~ipad.png ... 
2019-07-08 18:27:00 +0000  1376355 bytes for ./Payload/Cep Müşavir.app/LaunchImage-Landscape@2x~ipad.png
copying file ./Payload/Cep Müşavir.app/AppIcon50x50~ipad.png ... 
2019-07-08 18:27:00 +0000  2846 bytes for ./Payload/Cep Müşavir.app/AppIcon50x50~ipad.png
2019-07-08 18:27:00 +0000  copying file ./Payload/Cep Müşavir.app/AppIcon29x29@2x~ipad.png ... 
2019-07-08 18:27:00 +0000  3242 bytes for ./Payload/Cep Müşavir.app/AppIcon29x29@2x~ipad.png
copying file ./Payload/Cep Müşavir.app/LaunchImage-700-Landscape@2x~ipad.png ... 
2019-07-08 18:27:00 +0000  1376355 bytes for ./Payload/Cep Müşavir.app/LaunchImage-700-Landscape@2x~ipad.png
copying file ./Payload/Cep Müşavir.app/AppIcon50x50@2x~ipad.png ... 
2019-07-08 18:27:00 +0000  5666 bytes for ./Payload/Cep Müşavir.app/AppIcon50x50@2x~ipad.png
copying file ./Payload/Cep Müşavir.app/AppIcon40x40~ipad.png ... 
2019-07-08 18:27:00 +0000  2374 bytes for ./Payload/Cep Müşavir.app/AppIcon40x40~ipad.png
copying file ./Payload/Cep Müşavir.app/LaunchImage.png ... 
2019-07-08 18:27:00 +0000  94069 bytes for ./Payload/Cep Müşavir.app/LaunchImage.png
copying file ./Payload/Cep Müşavir.app/embedded.mobileprovision ... 
2019-07-08 18:27:00 +0000  8149 bytes for ./Payload/Cep Müşavir.app/embedded.mobileprovision
copying file ./Payload/Cep Müşavir.app/LaunchImage-800-Landscape-736h@3x.png ... 
2019-07-08 18:27:00 +0000  1207431 bytes for ./Payload/Cep Müşavir.app/LaunchImage-800-Landscape-736h@3x.png
2019-07-08 18:27:00 +0000  copying file ./Payload/Cep Müşavir.app/LaunchImage-700-Portrait@2x~ipad.png ... 
2019-07-08 18:27:00 +0000  1274587 bytes for ./Payload/Cep Müşavir.app/LaunchImage-700-Portrait@2x~ipad.png
copying file ./Payload/Cep Müşavir.app/LaunchImage-700-Landscape~ipad.png ... 
2019-07-08 18:27:00 +0000  426946 bytes for ./Payload/Cep Müşavir.app/LaunchImage-700-Landscape~ipad.png
2019-07-08 18:27:00 +0000  copying file ./Payload/Cep Müşavir.app/AppIcon20x20@2x~ipad.png ... 
2019-07-08 18:27:00 +0000  2374 bytes for ./Payload/Cep Müşavir.app/AppIcon20x20@2x~ipad.png
copying file ./Payload/Cep Müşavir.app/Info.plist ... 
2019-07-08 18:27:00 +0000  2379 bytes for ./Payload/Cep Müşavir.app/Info.plist
copying file ./Payload/Cep Müşavir.app/PkgInfo ... 
2019-07-08 18:27:00 +0000  8 bytes for ./Payload/Cep Müşavir.app/PkgInfo
copying file ./Payload/Cep Müşavir.app/AppIcon76x76~ipad.png ... 
2019-07-08 18:27:00 +0000  4404 bytes for ./Payload/Cep Müşavir.app/AppIcon76x76~ipad.png
2019-07-08 18:27:00 +0000  /usr/bin/ditto exited with 0
2019-07-08 18:27:00 +0000  Processing step: IDEDistributionAppStoreInformationStep
2019-07-08 18:27:00 +0000  Skipping step: IDEDistributionAppStoreInformationStep because it said so
2019-07-08 18:27:00 +0000  Processing step: IDEDistributionCreateManifestStep
